<?xml version="1.0" encoding="UTF-8"?>
<!-- Generated by org.testng.reporters.JUnitReportReporter -->
<testsuite hostname="DESKTOP-FK4CUPU" failures="0" tests="1" name="testNg.Testclass" time="19.978" errors="0" timestamp="2022-03-24T09:39:24 IST" skipped="0">
  <testcase classname="testNg.Testclass" name="login" time="19.978"/>
  <system-out/>
</testsuite> <!-- testNg.Testclass -->
